#-----------------------------------------------------------
# Vivado v2016.3 (64-bit)
# SW Build 1682563 on Mon Oct 10 19:07:27 MDT 2016
# IP Build 1681267 on Mon Oct 10 21:28:31 MDT 2016
# Start of session at: Wed Dec 28 11:36:41 2022
# Process ID: 7844
# Current directory: C:/Users/user/Desktop/carry look ahedar/32bit carry look ahedar
# Command line: vivado.exe -gui_launcher_event rodinguilauncherevent620 C:\Users\user\Desktop\carry look ahedar\32bit carry look ahedar\project_4.xpr
# Log file: C:/Users/user/Desktop/carry look ahedar/32bit carry look ahedar/vivado.log
# Journal file: C:/Users/user/Desktop/carry look ahedar/32bit carry look ahedar\vivado.jou
#-----------------------------------------------------------
start_gui
open_project {C:/Users/user/Desktop/carry look ahedar/32bit carry look ahedar/project_4.xpr}
Scanning sources...
Finished scanning sources
WARNING: [filemgmt 56-3] IP Output Repository Path: Could not find the directory 'C:/Users/user/Desktop/carry look ahedar/32bit carry look ahedar/project_4.cache/ip'.
INFO: [IP_Flow 19-234] Refreshing IP repositories
INFO: [IP_Flow 19-1704] No user IP repositories specified
INFO: [IP_Flow 19-2313] Loaded Vivado IP repository 'C:/Xilinx/Vivado/2016.3/data/ip'.
synth_design -rtl -name rtl_1
Command: synth_design -rtl -name rtl_1
Starting synth_design
Using part: xc7k70tfbv676-1
Top: otuzikibit_carry
---------------------------------------------------------------------------------
Starting RTL Elaboration : Time (s): cpu = 00:00:52 ; elapsed = 00:01:57 . Memory (MB): peak = 824.691 ; gain = 615.488
---------------------------------------------------------------------------------
INFO: [Synth 8-638] synthesizing module 'otuzikibit_carry' [C:/Users/user/Desktop/carry look ahedar/32bit carry look ahedar/project_4.srcs/sources_1/new/otuzikibit_carry.v:23]
INFO: [Synth 8-638] synthesizing module 'dortbit_carry' [C:/Users/user/Desktop/carry look ahedar/32bit carry look ahedar/project_4.srcs/sources_1/new/otuzikibit_carry.v:44]
WARNING: [Synth 8-324] index 4 out of range [C:/Users/user/Desktop/carry look ahedar/32bit carry look ahedar/project_4.srcs/sources_1/new/otuzikibit_carry.v:61]
WARNING: [Synth 8-324] index 4 out of range [C:/Users/user/Desktop/carry look ahedar/32bit carry look ahedar/project_4.srcs/sources_1/new/otuzikibit_carry.v:62]
WARNING: [Synth 8-324] index 4 out of range [C:/Users/user/Desktop/carry look ahedar/32bit carry look ahedar/project_4.srcs/sources_1/new/otuzikibit_carry.v:62]
WARNING: [Synth 8-324] index 4 out of range [C:/Users/user/Desktop/carry look ahedar/32bit carry look ahedar/project_4.srcs/sources_1/new/otuzikibit_carry.v:62]
WARNING: [Synth 8-324] index 4 out of range [C:/Users/user/Desktop/carry look ahedar/32bit carry look ahedar/project_4.srcs/sources_1/new/otuzikibit_carry.v:62]
WARNING: [Synth 8-324] index 4 out of range [C:/Users/user/Desktop/carry look ahedar/32bit carry look ahedar/project_4.srcs/sources_1/new/otuzikibit_carry.v:62]
WARNING: [Synth 8-324] index 4 out of range [C:/Users/user/Desktop/carry look ahedar/32bit carry look ahedar/project_4.srcs/sources_1/new/otuzikibit_carry.v:62]
WARNING: [Synth 8-324] index 5 out of range [C:/Users/user/Desktop/carry look ahedar/32bit carry look ahedar/project_4.srcs/sources_1/new/otuzikibit_carry.v:62]
WARNING: [Synth 8-324] index 5 out of range [C:/Users/user/Desktop/carry look ahedar/32bit carry look ahedar/project_4.srcs/sources_1/new/otuzikibit_carry.v:63]
WARNING: [Synth 8-324] index 5 out of range [C:/Users/user/Desktop/carry look ahedar/32bit carry look ahedar/project_4.srcs/sources_1/new/otuzikibit_carry.v:63]
WARNING: [Synth 8-324] index 4 out of range [C:/Users/user/Desktop/carry look ahedar/32bit carry look ahedar/project_4.srcs/sources_1/new/otuzikibit_carry.v:63]
WARNING: [Synth 8-324] index 5 out of range [C:/Users/user/Desktop/carry look ahedar/32bit carry look ahedar/project_4.srcs/sources_1/new/otuzikibit_carry.v:63]
WARNING: [Synth 8-324] index 4 out of range [C:/Users/user/Desktop/carry look ahedar/32bit carry look ahedar/project_4.srcs/sources_1/new/otuzikibit_carry.v:63]
WARNING: [Synth 8-324] index 5 out of range [C:/Users/user/Desktop/carry look ahedar/32bit carry look ahedar/project_4.srcs/sources_1/new/otuzikibit_carry.v:63]
WARNING: [Synth 8-324] index 4 out of range [C:/Users/user/Desktop/carry look ahedar/32bit carry look ahedar/project_4.srcs/sources_1/new/otuzikibit_carry.v:63]
WARNING: [Synth 8-324] index 5 out of range [C:/Users/user/Desktop/carry look ahedar/32bit carry look ahedar/project_4.srcs/sources_1/new/otuzikibit_carry.v:63]
WARNING: [Synth 8-324] index 4 out of range [C:/Users/user/Desktop/carry look ahedar/32bit carry look ahedar/project_4.srcs/sources_1/new/otuzikibit_carry.v:63]
WARNING: [Synth 8-324] index 5 out of range [C:/Users/user/Desktop/carry look ahedar/32bit carry look ahedar/project_4.srcs/sources_1/new/otuzikibit_carry.v:63]
WARNING: [Synth 8-324] index 4 out of range [C:/Users/user/Desktop/carry look ahedar/32bit carry look ahedar/project_4.srcs/sources_1/new/otuzikibit_carry.v:63]
WARNING: [Synth 8-324] index 5 out of range [C:/Users/user/Desktop/carry look ahedar/32bit carry look ahedar/project_4.srcs/sources_1/new/otuzikibit_carry.v:63]
WARNING: [Synth 8-324] index 4 out of range [C:/Users/user/Desktop/carry look ahedar/32bit carry look ahedar/project_4.srcs/sources_1/new/otuzikibit_carry.v:63]
WARNING: [Synth 8-324] index 6 out of range [C:/Users/user/Desktop/carry look ahedar/32bit carry look ahedar/project_4.srcs/sources_1/new/otuzikibit_carry.v:63]
WARNING: [Synth 8-324] index 6 out of range [C:/Users/user/Desktop/carry look ahedar/32bit carry look ahedar/project_4.srcs/sources_1/new/otuzikibit_carry.v:64]
WARNING: [Synth 8-324] index 6 out of range [C:/Users/user/Desktop/carry look ahedar/32bit carry look ahedar/project_4.srcs/sources_1/new/otuzikibit_carry.v:64]
WARNING: [Synth 8-324] index 5 out of range [C:/Users/user/Desktop/carry look ahedar/32bit carry look ahedar/project_4.srcs/sources_1/new/otuzikibit_carry.v:64]
WARNING: [Synth 8-324] index 6 out of range [C:/Users/user/Desktop/carry look ahedar/32bit carry look ahedar/project_4.srcs/sources_1/new/otuzikibit_carry.v:64]
WARNING: [Synth 8-324] index 5 out of range [C:/Users/user/Desktop/carry look ahedar/32bit carry look ahedar/project_4.srcs/sources_1/new/otuzikibit_carry.v:64]
WARNING: [Synth 8-324] index 4 out of range [C:/Users/user/Desktop/carry look ahedar/32bit carry look ahedar/project_4.srcs/sources_1/new/otuzikibit_carry.v:64]
WARNING: [Synth 8-324] index 6 out of range [C:/Users/user/Desktop/carry look ahedar/32bit carry look ahedar/project_4.srcs/sources_1/new/otuzikibit_carry.v:64]
WARNING: [Synth 8-324] index 5 out of range [C:/Users/user/Desktop/carry look ahedar/32bit carry look ahedar/project_4.srcs/sources_1/new/otuzikibit_carry.v:64]
WARNING: [Synth 8-324] index 4 out of range [C:/Users/user/Desktop/carry look ahedar/32bit carry look ahedar/project_4.srcs/sources_1/new/otuzikibit_carry.v:64]
WARNING: [Synth 8-324] index 6 out of range [C:/Users/user/Desktop/carry look ahedar/32bit carry look ahedar/project_4.srcs/sources_1/new/otuzikibit_carry.v:64]
WARNING: [Synth 8-324] index 5 out of range [C:/Users/user/Desktop/carry look ahedar/32bit carry look ahedar/project_4.srcs/sources_1/new/otuzikibit_carry.v:64]
WARNING: [Synth 8-324] index 4 out of range [C:/Users/user/Desktop/carry look ahedar/32bit carry look ahedar/project_4.srcs/sources_1/new/otuzikibit_carry.v:64]
WARNING: [Synth 8-324] index 6 out of range [C:/Users/user/Desktop/carry look ahedar/32bit carry look ahedar/project_4.srcs/sources_1/new/otuzikibit_carry.v:64]
WARNING: [Synth 8-324] index 5 out of range [C:/Users/user/Desktop/carry look ahedar/32bit carry look ahedar/project_4.srcs/sources_1/new/otuzikibit_carry.v:64]
WARNING: [Synth 8-324] index 4 out of range [C:/Users/user/Desktop/carry look ahedar/32bit carry look ahedar/project_4.srcs/sources_1/new/otuzikibit_carry.v:64]
WARNING: [Synth 8-324] index 6 out of range [C:/Users/user/Desktop/carry look ahedar/32bit carry look ahedar/project_4.srcs/sources_1/new/otuzikibit_carry.v:64]
WARNING: [Synth 8-324] index 5 out of range [C:/Users/user/Desktop/carry look ahedar/32bit carry look ahedar/project_4.srcs/sources_1/new/otuzikibit_carry.v:64]
WARNING: [Synth 8-324] index 4 out of range [C:/Users/user/Desktop/carry look ahedar/32bit carry look ahedar/project_4.srcs/sources_1/new/otuzikibit_carry.v:64]
WARNING: [Synth 8-324] index 6 out of range [C:/Users/user/Desktop/carry look ahedar/32bit carry look ahedar/project_4.srcs/sources_1/new/otuzikibit_carry.v:64]
WARNING: [Synth 8-324] index 5 out of range [C:/Users/user/Desktop/carry look ahedar/32bit carry look ahedar/project_4.srcs/sources_1/new/otuzikibit_carry.v:64]
WARNING: [Synth 8-324] index 4 out of range [C:/Users/user/Desktop/carry look ahedar/32bit carry look ahedar/project_4.srcs/sources_1/new/otuzikibit_carry.v:64]
WARNING: [Synth 8-324] index 7 out of range [C:/Users/user/Desktop/carry look ahedar/32bit carry look ahedar/project_4.srcs/sources_1/new/otuzikibit_carry.v:64]
WARNING: [Synth 8-324] index 7 out of range [C:/Users/user/Desktop/carry look ahedar/32bit carry look ahedar/project_4.srcs/sources_1/new/otuzikibit_carry.v:65]
WARNING: [Synth 8-324] index 7 out of range [C:/Users/user/Desktop/carry look ahedar/32bit carry look ahedar/project_4.srcs/sources_1/new/otuzikibit_carry.v:65]
WARNING: [Synth 8-324] index 6 out of range [C:/Users/user/Desktop/carry look ahedar/32bit carry look ahedar/project_4.srcs/sources_1/new/otuzikibit_carry.v:65]
WARNING: [Synth 8-324] index 7 out of range [C:/Users/user/Desktop/carry look ahedar/32bit carry look ahedar/project_4.srcs/sources_1/new/otuzikibit_carry.v:65]
WARNING: [Synth 8-324] index 6 out of range [C:/Users/user/Desktop/carry look ahedar/32bit carry look ahedar/project_4.srcs/sources_1/new/otuzikibit_carry.v:65]
WARNING: [Synth 8-324] index 5 out of range [C:/Users/user/Desktop/carry look ahedar/32bit carry look ahedar/project_4.srcs/sources_1/new/otuzikibit_carry.v:65]
WARNING: [Synth 8-324] index 7 out of range [C:/Users/user/Desktop/carry look ahedar/32bit carry look ahedar/project_4.srcs/sources_1/new/otuzikibit_carry.v:65]
WARNING: [Synth 8-324] index 6 out of range [C:/Users/user/Desktop/carry look ahedar/32bit carry look ahedar/project_4.srcs/sources_1/new/otuzikibit_carry.v:65]
WARNING: [Synth 8-324] index 5 out of range [C:/Users/user/Desktop/carry look ahedar/32bit carry look ahedar/project_4.srcs/sources_1/new/otuzikibit_carry.v:65]
WARNING: [Synth 8-324] index 4 out of range [C:/Users/user/Desktop/carry look ahedar/32bit carry look ahedar/project_4.srcs/sources_1/new/otuzikibit_carry.v:65]
WARNING: [Synth 8-324] index 7 out of range [C:/Users/user/Desktop/carry look ahedar/32bit carry look ahedar/project_4.srcs/sources_1/new/otuzikibit_carry.v:65]
WARNING: [Synth 8-324] index 6 out of range [C:/Users/user/Desktop/carry look ahedar/32bit carry look ahedar/project_4.srcs/sources_1/new/otuzikibit_carry.v:65]
WARNING: [Synth 8-324] index 5 out of range [C:/Users/user/Desktop/carry look ahedar/32bit carry look ahedar/project_4.srcs/sources_1/new/otuzikibit_carry.v:65]
WARNING: [Synth 8-324] index 4 out of range [C:/Users/user/Desktop/carry look ahedar/32bit carry look ahedar/project_4.srcs/sources_1/new/otuzikibit_carry.v:65]
WARNING: [Synth 8-324] index 7 out of range [C:/Users/user/Desktop/carry look ahedar/32bit carry look ahedar/project_4.srcs/sources_1/new/otuzikibit_carry.v:65]
WARNING: [Synth 8-324] index 6 out of range [C:/Users/user/Desktop/carry look ahedar/32bit carry look ahedar/project_4.srcs/sources_1/new/otuzikibit_carry.v:65]
WARNING: [Synth 8-324] index 5 out of range [C:/Users/user/Desktop/carry look ahedar/32bit carry look ahedar/project_4.srcs/sources_1/new/otuzikibit_carry.v:65]
WARNING: [Synth 8-324] index 4 out of range [C:/Users/user/Desktop/carry look ahedar/32bit carry look ahedar/project_4.srcs/sources_1/new/otuzikibit_carry.v:65]
WARNING: [Synth 8-324] index 7 out of range [C:/Users/user/Desktop/carry look ahedar/32bit carry look ahedar/project_4.srcs/sources_1/new/otuzikibit_carry.v:65]
WARNING: [Synth 8-324] index 6 out of range [C:/Users/user/Desktop/carry look ahedar/32bit carry look ahedar/project_4.srcs/sources_1/new/otuzikibit_carry.v:65]
WARNING: [Synth 8-324] index 5 out of range [C:/Users/user/Desktop/carry look ahedar/32bit carry look ahedar/project_4.srcs/sources_1/new/otuzikibit_carry.v:65]
WARNING: [Synth 8-324] index 4 out of range [C:/Users/user/Desktop/carry look ahedar/32bit carry look ahedar/project_4.srcs/sources_1/new/otuzikibit_carry.v:65]
WARNING: [Synth 8-324] index 7 out of range [C:/Users/user/Desktop/carry look ahedar/32bit carry look ahedar/project_4.srcs/sources_1/new/otuzikibit_carry.v:65]
WARNING: [Synth 8-324] index 6 out of range [C:/Users/user/Desktop/carry look ahedar/32bit carry look ahedar/project_4.srcs/sources_1/new/otuzikibit_carry.v:65]
WARNING: [Synth 8-324] index 5 out of range [C:/Users/user/Desktop/carry look ahedar/32bit carry look ahedar/project_4.srcs/sources_1/new/otuzikibit_carry.v:65]
WARNING: [Synth 8-324] index 4 out of range [C:/Users/user/Desktop/carry look ahedar/32bit carry look ahedar/project_4.srcs/sources_1/new/otuzikibit_carry.v:65]
WARNING: [Synth 8-324] index 7 out of range [C:/Users/user/Desktop/carry look ahedar/32bit carry look ahedar/project_4.srcs/sources_1/new/otuzikibit_carry.v:65]
WARNING: [Synth 8-324] index 6 out of range [C:/Users/user/Desktop/carry look ahedar/32bit carry look ahedar/project_4.srcs/sources_1/new/otuzikibit_carry.v:65]
WARNING: [Synth 8-324] index 5 out of range [C:/Users/user/Desktop/carry look ahedar/32bit carry look ahedar/project_4.srcs/sources_1/new/otuzikibit_carry.v:65]
WARNING: [Synth 8-324] index 4 out of range [C:/Users/user/Desktop/carry look ahedar/32bit carry look ahedar/project_4.srcs/sources_1/new/otuzikibit_carry.v:65]
WARNING: [Synth 8-324] index 8 out of range [C:/Users/user/Desktop/carry look ahedar/32bit carry look ahedar/project_4.srcs/sources_1/new/otuzikibit_carry.v:65]
WARNING: [Synth 8-3848] Net cout in module/entity dortbit_carry does not have driver. [C:/Users/user/Desktop/carry look ahedar/32bit carry look ahedar/project_4.srcs/sources_1/new/otuzikibit_carry.v:48]
INFO: [Synth 8-256] done synthesizing module 'dortbit_carry' (1#1) [C:/Users/user/Desktop/carry look ahedar/32bit carry look ahedar/project_4.srcs/sources_1/new/otuzikibit_carry.v:44]
INFO: [Synth 8-256] done synthesizing module 'otuzikibit_carry' (2#1) [C:/Users/user/Desktop/carry look ahedar/32bit carry look ahedar/project_4.srcs/sources_1/new/otuzikibit_carry.v:23]
WARNING: [Synth 8-3331] design dortbit_carry has unconnected port cout
---------------------------------------------------------------------------------
Finished RTL Elaboration : Time (s): cpu = 00:00:53 ; elapsed = 00:01:57 . Memory (MB): peak = 861.184 ; gain = 651.980
---------------------------------------------------------------------------------

Report Check Netlist: 
+------+------------------+-------+---------+-------+------------------+
|      |Item              |Errors |Warnings |Status |Description       |
+------+------------------+-------+---------+-------+------------------+
|1     |multi_driven_nets |      0|        0|Passed |Multi driven nets |
+------+------------------+-------+---------+-------+------------------+
---------------------------------------------------------------------------------
Finished RTL Optimization Phase 1 : Time (s): cpu = 00:00:53 ; elapsed = 00:01:57 . Memory (MB): peak = 861.184 ; gain = 651.980
---------------------------------------------------------------------------------
INFO: [Device 21-403] Loading part xc7k70tfbv676-1
INFO: [Project 1-570] Preparing netlist for logic optimization
INFO: [Opt 31-141] Inserted 1 OBUFs to IO ports without IO buffers.

Processing XDC Constraints
Initializing timing engine
Completed Processing XDC Constraints

INFO: [Opt 31-138] Pushed 0 inverter(s) to 0 load pin(s).
INFO: [Project 1-111] Unisim Transformation Summary:
No Unisim elements were transformed.

RTL Elaboration Complete:  : Time (s): cpu = 00:01:08 ; elapsed = 00:02:05 . Memory (MB): peak = 1163.367 ; gain = 954.164
9 Infos, 77 Warnings, 0 Critical Warnings and 0 Errors encountered.
synth_design completed successfully
synth_design: Time (s): cpu = 00:00:19 ; elapsed = 00:00:11 . Memory (MB): peak = 1163.367 ; gain = 354.859
exit
INFO: [Common 17-206] Exiting Vivado at Wed Dec 28 11:50:27 2022...
