#-----------------------------------------------------------
# Vivado v2016.3 (64-bit)
# SW Build 1682563 on Mon Oct 10 19:07:27 MDT 2016
# IP Build 1681267 on Mon Oct 10 21:28:31 MDT 2016
# Start of session at: Tue Dec 27 23:03:10 2022
# Process ID: 5616
# Current directory: C:/Users/user/Desktop/carry look ahedar/32bit carry look ahedar
# Command line: vivado.exe -gui_launcher_event rodinguilauncherevent16832 C:\Users\user\Desktop\carry look ahedar\32bit carry look ahedar\project_4.xpr
# Log file: C:/Users/user/Desktop/carry look ahedar/32bit carry look ahedar/vivado.log
# Journal file: C:/Users/user/Desktop/carry look ahedar/32bit carry look ahedar\vivado.jou
#-----------------------------------------------------------
start_gui
open_project {C:/Users/user/Desktop/carry look ahedar/32bit carry look ahedar/project_4.xpr}
INFO: [Project 1-313] Project file moved from 'C:/Users/user/Desktop/project_4' since last save.
Scanning sources...
Finished scanning sources
WARNING: [filemgmt 56-2] IP Output Repository Path: Could not find the directory 'C:/Users/user/Desktop/carry look ahedar/32bit carry look ahedar/project_4.cache/ip', nor could it be found using path 'C:/Users/user/Desktop/project_4/project_4.cache/ip'.
INFO: [IP_Flow 19-234] Refreshing IP repositories
INFO: [IP_Flow 19-1704] No user IP repositories specified
INFO: [IP_Flow 19-2313] Loaded Vivado IP repository 'C:/Xilinx/Vivado/2016.3/data/ip'.
synth_design -rtl -name rtl_1
Command: synth_design -rtl -name rtl_1
Starting synth_design
Using part: xc7k70tfbv676-1
Top: otuzikibit_carry
---------------------------------------------------------------------------------
Starting RTL Elaboration : Time (s): cpu = 00:00:25 ; elapsed = 00:00:25 . Memory (MB): peak = 808.777 ; gain = 598.844
---------------------------------------------------------------------------------
INFO: [Synth 8-638] synthesizing module 'otuzikibit_carry' [C:/Users/user/Desktop/carry look ahedar/32bit carry look ahedar/project_4.srcs/sources_1/new/otuzikibit_carry.v:23]
INFO: [Synth 8-638] synthesizing module 'dortbit_carry' [C:/Users/user/Desktop/carry look ahedar/32bit carry look ahedar/project_4.srcs/sources_1/new/otuzikibit_carry.v:44]
WARNING: [Synth 8-324] index 4 out of range [C:/Users/user/Desktop/carry look ahedar/32bit carry look ahedar/project_4.srcs/sources_1/new/otuzikibit_carry.v:61]
WARNING: [Synth 8-324] index 4 out of range [C:/Users/user/Desktop/carry look ahedar/32bit carry look ahedar/project_4.srcs/sources_1/new/otuzikibit_carry.v:62]
WARNING: [Synth 8-324] index 4 out of range [C:/Users/user/Desktop/carry look ahedar/32bit carry look ahedar/project_4.srcs/sources_1/new/otuzikibit_carry.v:62]
WARNING: [Synth 8-324] index 4 out of range [C:/Users/user/Desktop/carry look ahedar/32bit carry look ahedar/project_4.srcs/sources_1/new/otuzikibit_carry.v:62]
WARNING: [Synth 8-324] index 4 out of range [C:/Users/user/Desktop/carry look ahedar/32bit carry look ahedar/project_4.srcs/sources_1/new/otuzikibit_carry.v:62]
WARNING: [Synth 8-324] index 4 out of range [C:/Users/user/Desktop/carry look ahedar/32bit carry look ahedar/project_4.srcs/sources_1/new/otuzikibit_carry.v:62]
WARNING: [Synth 8-324] index 4 out of range [C:/Users/user/Desktop/carry look ahedar/32bit carry look ahedar/project_4.srcs/sources_1/new/otuzikibit_carry.v:62]
WARNING: [Synth 8-324] index 5 out of range [C:/Users/user/Desktop/carry look ahedar/32bit carry look ahedar/project_4.srcs/sources_1/new/otuzikibit_carry.v:62]
WARNING: [Synth 8-324] index 5 out of range [C:/Users/user/Desktop/carry look ahedar/32bit carry look ahedar/project_4.srcs/sources_1/new/otuzikibit_carry.v:63]
WARNING: [Synth 8-324] index 5 out of range [C:/Users/user/Desktop/carry look ahedar/32bit carry look ahedar/project_4.srcs/sources_1/new/otuzikibit_carry.v:63]
WARNING: [Synth 8-324] index 4 out of range [C:/Users/user/Desktop/carry look ahedar/32bit carry look ahedar/project_4.srcs/sources_1/new/otuzikibit_carry.v:63]
WARNING: [Synth 8-324] index 5 out of range [C:/Users/user/Desktop/carry look ahedar/32bit carry look ahedar/project_4.srcs/sources_1/new/otuzikibit_carry.v:63]
WARNING: [Synth 8-324] index 4 out of range [C:/Users/user/Desktop/carry look ahedar/32bit carry look ahedar/project_4.srcs/sources_1/new/otuzikibit_carry.v:63]
WARNING: [Synth 8-324] index 5 out of range [C:/Users/user/Desktop/carry look ahedar/32bit carry look ahedar/project_4.srcs/sources_1/new/otuzikibit_carry.v:63]
WARNING: [Synth 8-324] index 4 out of range [C:/Users/user/Desktop/carry look ahedar/32bit carry look ahedar/project_4.srcs/sources_1/new/otuzikibit_carry.v:63]
WARNING: [Synth 8-324] index 5 out of range [C:/Users/user/Desktop/carry look ahedar/32bit carry look ahedar/project_4.srcs/sources_1/new/otuzikibit_carry.v:63]
WARNING: [Synth 8-324] index 4 out of range [C:/Users/user/Desktop/carry look ahedar/32bit carry look ahedar/project_4.srcs/sources_1/new/otuzikibit_carry.v:63]
WARNING: [Synth 8-324] index 5 out of range [C:/Users/user/Desktop/carry look ahedar/32bit carry look ahedar/project_4.srcs/sources_1/new/otuzikibit_carry.v:63]
WARNING: [Synth 8-324] index 4 out of range [C:/Users/user/Desktop/carry look ahedar/32bit carry look ahedar/project_4.srcs/sources_1/new/otuzikibit_carry.v:63]
WARNING: [Synth 8-324] index 5 out of range [C:/Users/user/Desktop/carry look ahedar/32bit carry look ahedar/project_4.srcs/sources_1/new/otuzikibit_carry.v:63]
WARNING: [Synth 8-324] index 4 out of range [C:/Users/user/Desktop/carry look ahedar/32bit carry look ahedar/project_4.srcs/sources_1/new/otuzikibit_carry.v:63]
WARNING: [Synth 8-324] index 6 out of range [C:/Users/user/Desktop/carry look ahedar/32bit carry look ahedar/project_4.srcs/sources_1/new/otuzikibit_carry.v:63]
WARNING: [Synth 8-324] index 6 out of range [C:/Users/user/Desktop/carry look ahedar/32bit carry look ahedar/project_4.srcs/sources_1/new/otuzikibit_carry.v:64]
WARNING: [Synth 8-324] index 6 out of range [C:/Users/user/Desktop/carry look ahedar/32bit carry look ahedar/project_4.srcs/sources_1/new/otuzikibit_carry.v:64]
WARNING: [Synth 8-324] index 5 out of range [C:/Users/user/Desktop/carry look ahedar/32bit carry look ahedar/project_4.srcs/sources_1/new/otuzikibit_carry.v:64]
WARNING: [Synth 8-324] index 6 out of range [C:/Users/user/Desktop/carry look ahedar/32bit carry look ahedar/project_4.srcs/sources_1/new/otuzikibit_carry.v:64]
WARNING: [Synth 8-324] index 5 out of range [C:/Users/user/Desktop/carry look ahedar/32bit carry look ahedar/project_4.srcs/sources_1/new/otuzikibit_carry.v:64]
WARNING: [Synth 8-324] index 4 out of range [C:/Users/user/Desktop/carry look ahedar/32bit carry look ahedar/project_4.srcs/sources_1/new/otuzikibit_carry.v:64]
WARNING: [Synth 8-324] index 6 out of range [C:/Users/user/Desktop/carry look ahedar/32bit carry look ahedar/project_4.srcs/sources_1/new/otuzikibit_carry.v:64]
WARNING: [Synth 8-324] index 5 out of range [C:/Users/user/Desktop/carry look ahedar/32bit carry look ahedar/project_4.srcs/sources_1/new/otuzikibit_carry.v:64]
WARNING: [Synth 8-324] index 4 out of range [C:/Users/user/Desktop/carry look ahedar/32bit carry look ahedar/project_4.srcs/sources_1/new/otuzikibit_carry.v:64]
WARNING: [Synth 8-324] index 6 out of range [C:/Users/user/Desktop/carry look ahedar/32bit carry look ahedar/project_4.srcs/sources_1/new/otuzikibit_carry.v:64]
WARNING: [Synth 8-324] index 5 out of range [C:/Users/user/Desktop/carry look ahedar/32bit carry look ahedar/project_4.srcs/sources_1/new/otuzikibit_carry.v:64]
WARNING: [Synth 8-324] index 4 out of range [C:/Users/user/Desktop/carry look ahedar/32bit carry look ahedar/project_4.srcs/sources_1/new/otuzikibit_carry.v:64]
WARNING: [Synth 8-324] index 6 out of range [C:/Users/user/Desktop/carry look ahedar/32bit carry look ahedar/project_4.srcs/sources_1/new/otuzikibit_carry.v:64]
WARNING: [Synth 8-324] index 5 out of range [C:/Users/user/Desktop/carry look ahedar/32bit carry look ahedar/project_4.srcs/sources_1/new/otuzikibit_carry.v:64]
WARNING: [Synth 8-324] index 4 out of range [C:/Users/user/Desktop/carry look ahedar/32bit carry look ahedar/project_4.srcs/sources_1/new/otuzikibit_carry.v:64]
WARNING: [Synth 8-324] index 6 out of range [C:/Users/user/Desktop/carry look ahedar/32bit carry look ahedar/project_4.srcs/sources_1/new/otuzikibit_carry.v:64]
WARNING: [Synth 8-324] index 5 out of range [C:/Users/user/Desktop/carry look ahedar/32bit carry look ahedar/project_4.srcs/sources_1/new/otuzikibit_carry.v:64]
WARNING: [Synth 8-324] index 4 out of range [C:/Users/user/Desktop/carry look ahedar/32bit carry look ahedar/project_4.srcs/sources_1/new/otuzikibit_carry.v:64]
WARNING: [Synth 8-324] index 6 out of range [C:/Users/user/Desktop/carry look ahedar/32bit carry look ahedar/project_4.srcs/sources_1/new/otuzikibit_carry.v:64]
WARNING: [Synth 8-324] index 5 out of range [C:/Users/user/Desktop/carry look ahedar/32bit carry look ahedar/project_4.srcs/sources_1/new/otuzikibit_carry.v:64]
WARNING: [Synth 8-324] index 4 out of range [C:/Users/user/Desktop/carry look ahedar/32bit carry look ahedar/project_4.srcs/sources_1/new/otuzikibit_carry.v:64]
WARNING: [Synth 8-324] index 7 out of range [C:/Users/user/Desktop/carry look ahedar/32bit carry look ahedar/project_4.srcs/sources_1/new/otuzikibit_carry.v:64]
WARNING: [Synth 8-324] index 7 out of range [C:/Users/user/Desktop/carry look ahedar/32bit carry look ahedar/project_4.srcs/sources_1/new/otuzikibit_carry.v:65]
WARNING: [Synth 8-324] index 7 out of range [C:/Users/user/Desktop/carry look ahedar/32bit carry look ahedar/project_4.srcs/sources_1/new/otuzikibit_carry.v:65]
WARNING: [Synth 8-324] index 6 out of range [C:/Users/user/Desktop/carry look ahedar/32bit carry look ahedar/project_4.srcs/sources_1/new/otuzikibit_carry.v:65]
WARNING: [Synth 8-324] index 7 out of range [C:/Users/user/Desktop/carry look ahedar/32bit carry look ahedar/project_4.srcs/sources_1/new/otuzikibit_carry.v:65]
WARNING: [Synth 8-324] index 6 out of range [C:/Users/user/Desktop/carry look ahedar/32bit carry look ahedar/project_4.srcs/sources_1/new/otuzikibit_carry.v:65]
WARNING: [Synth 8-324] index 5 out of range [C:/Users/user/Desktop/carry look ahedar/32bit carry look ahedar/project_4.srcs/sources_1/new/otuzikibit_carry.v:65]
WARNING: [Synth 8-324] index 7 out of range [C:/Users/user/Desktop/carry look ahedar/32bit carry look ahedar/project_4.srcs/sources_1/new/otuzikibit_carry.v:65]
WARNING: [Synth 8-324] index 6 out of range [C:/Users/user/Desktop/carry look ahedar/32bit carry look ahedar/project_4.srcs/sources_1/new/otuzikibit_carry.v:65]
WARNING: [Synth 8-324] index 5 out of range [C:/Users/user/Desktop/carry look ahedar/32bit carry look ahedar/project_4.srcs/sources_1/new/otuzikibit_carry.v:65]
WARNING: [Synth 8-324] index 4 out of range [C:/Users/user/Desktop/carry look ahedar/32bit carry look ahedar/project_4.srcs/sources_1/new/otuzikibit_carry.v:65]
WARNING: [Synth 8-324] index 7 out of range [C:/Users/user/Desktop/carry look ahedar/32bit carry look ahedar/project_4.srcs/sources_1/new/otuzikibit_carry.v:65]
WARNING: [Synth 8-324] index 6 out of range [C:/Users/user/Desktop/carry look ahedar/32bit carry look ahedar/project_4.srcs/sources_1/new/otuzikibit_carry.v:65]
WARNING: [Synth 8-324] index 5 out of range [C:/Users/user/Desktop/carry look ahedar/32bit carry look ahedar/project_4.srcs/sources_1/new/otuzikibit_carry.v:65]
WARNING: [Synth 8-324] index 4 out of range [C:/Users/user/Desktop/carry look ahedar/32bit carry look ahedar/project_4.srcs/sources_1/new/otuzikibit_carry.v:65]
WARNING: [Synth 8-324] index 7 out of range [C:/Users/user/Desktop/carry look ahedar/32bit carry look ahedar/project_4.srcs/sources_1/new/otuzikibit_carry.v:65]
WARNING: [Synth 8-324] index 6 out of range [C:/Users/user/Desktop/carry look ahedar/32bit carry look ahedar/project_4.srcs/sources_1/new/otuzikibit_carry.v:65]
WARNING: [Synth 8-324] index 5 out of range [C:/Users/user/Desktop/carry look ahedar/32bit carry look ahedar/project_4.srcs/sources_1/new/otuzikibit_carry.v:65]
WARNING: [Synth 8-324] index 4 out of range [C:/Users/user/Desktop/carry look ahedar/32bit carry look ahedar/project_4.srcs/sources_1/new/otuzikibit_carry.v:65]
WARNING: [Synth 8-324] index 7 out of range [C:/Users/user/Desktop/carry look ahedar/32bit carry look ahedar/project_4.srcs/sources_1/new/otuzikibit_carry.v:65]
WARNING: [Synth 8-324] index 6 out of range [C:/Users/user/Desktop/carry look ahedar/32bit carry look ahedar/project_4.srcs/sources_1/new/otuzikibit_carry.v:65]
WARNING: [Synth 8-324] index 5 out of range [C:/Users/user/Desktop/carry look ahedar/32bit carry look ahedar/project_4.srcs/sources_1/new/otuzikibit_carry.v:65]
WARNING: [Synth 8-324] index 4 out of range [C:/Users/user/Desktop/carry look ahedar/32bit carry look ahedar/project_4.srcs/sources_1/new/otuzikibit_carry.v:65]
WARNING: [Synth 8-324] index 7 out of range [C:/Users/user/Desktop/carry look ahedar/32bit carry look ahedar/project_4.srcs/sources_1/new/otuzikibit_carry.v:65]
WARNING: [Synth 8-324] index 6 out of range [C:/Users/user/Desktop/carry look ahedar/32bit carry look ahedar/project_4.srcs/sources_1/new/otuzikibit_carry.v:65]
WARNING: [Synth 8-324] index 5 out of range [C:/Users/user/Desktop/carry look ahedar/32bit carry look ahedar/project_4.srcs/sources_1/new/otuzikibit_carry.v:65]
WARNING: [Synth 8-324] index 4 out of range [C:/Users/user/Desktop/carry look ahedar/32bit carry look ahedar/project_4.srcs/sources_1/new/otuzikibit_carry.v:65]
WARNING: [Synth 8-324] index 7 out of range [C:/Users/user/Desktop/carry look ahedar/32bit carry look ahedar/project_4.srcs/sources_1/new/otuzikibit_carry.v:65]
WARNING: [Synth 8-324] index 6 out of range [C:/Users/user/Desktop/carry look ahedar/32bit carry look ahedar/project_4.srcs/sources_1/new/otuzikibit_carry.v:65]
WARNING: [Synth 8-324] index 5 out of range [C:/Users/user/Desktop/carry look ahedar/32bit carry look ahedar/project_4.srcs/sources_1/new/otuzikibit_carry.v:65]
WARNING: [Synth 8-324] index 4 out of range [C:/Users/user/Desktop/carry look ahedar/32bit carry look ahedar/project_4.srcs/sources_1/new/otuzikibit_carry.v:65]
WARNING: [Synth 8-324] index 8 out of range [C:/Users/user/Desktop/carry look ahedar/32bit carry look ahedar/project_4.srcs/sources_1/new/otuzikibit_carry.v:65]
WARNING: [Synth 8-3848] Net cout in module/entity dortbit_carry does not have driver. [C:/Users/user/Desktop/carry look ahedar/32bit carry look ahedar/project_4.srcs/sources_1/new/otuzikibit_carry.v:48]
INFO: [Synth 8-256] done synthesizing module 'dortbit_carry' (1#1) [C:/Users/user/Desktop/carry look ahedar/32bit carry look ahedar/project_4.srcs/sources_1/new/otuzikibit_carry.v:44]
INFO: [Synth 8-256] done synthesizing module 'otuzikibit_carry' (2#1) [C:/Users/user/Desktop/carry look ahedar/32bit carry look ahedar/project_4.srcs/sources_1/new/otuzikibit_carry.v:23]
WARNING: [Synth 8-3331] design dortbit_carry has unconnected port cout
---------------------------------------------------------------------------------
Finished RTL Elaboration : Time (s): cpu = 00:00:26 ; elapsed = 00:00:25 . Memory (MB): peak = 846.266 ; gain = 636.332
---------------------------------------------------------------------------------

Report Check Netlist: 
+------+------------------+-------+---------+-------+------------------+
|      |Item              |Errors |Warnings |Status |Description       |
+------+------------------+-------+---------+-------+------------------+
|1     |multi_driven_nets |      0|        0|Passed |Multi driven nets |
+------+------------------+-------+---------+-------+------------------+
---------------------------------------------------------------------------------
Finished RTL Optimization Phase 1 : Time (s): cpu = 00:00:26 ; elapsed = 00:00:25 . Memory (MB): peak = 846.266 ; gain = 636.332
---------------------------------------------------------------------------------
INFO: [Device 21-403] Loading part xc7k70tfbv676-1
INFO: [Project 1-570] Preparing netlist for logic optimization
INFO: [Opt 31-141] Inserted 1 OBUFs to IO ports without IO buffers.

Processing XDC Constraints
Initializing timing engine
Completed Processing XDC Constraints

INFO: [Opt 31-138] Pushed 0 inverter(s) to 0 load pin(s).
INFO: [Project 1-111] Unisim Transformation Summary:
No Unisim elements were transformed.

RTL Elaboration Complete:  : Time (s): cpu = 00:00:40 ; elapsed = 00:00:33 . Memory (MB): peak = 1165.203 ; gain = 955.270
9 Infos, 77 Warnings, 0 Critical Warnings and 0 Errors encountered.
synth_design completed successfully
synth_design: Time (s): cpu = 00:00:17 ; elapsed = 00:00:11 . Memory (MB): peak = 1165.203 ; gain = 373.656
launch_simulation
INFO: [SIM-utils-51] Simulation object is 'sim_1'
INFO: [USF-XSim-37] Inspecting design source files for 'otuzikibit_carry' in fileset 'sim_1'...
INFO: [USF-XSim-97] Finding global include files...
INFO: [USF-XSim-98] Fetching design files from 'sim_1'...
INFO: [USF-XSim-2] XSim::Compile design
INFO: [USF-XSim-61] Executing 'COMPILE and ANALYZE' step in 'C:/Users/user/Desktop/carry look ahedar/32bit carry look ahedar/project_4.sim/sim_1/behav'
"xvlog -m64 --relax -prj otuzikibit_carry_vlog.prj"
INFO: [VRFC 10-2263] Analyzing Verilog file "C:/Users/user/Desktop/carry look ahedar/32bit carry look ahedar/project_4.srcs/sources_1/new/otuzikibit_carry.v" into library xil_defaultlib
INFO: [VRFC 10-311] analyzing module otuzikibit_carry
INFO: [VRFC 10-2458] undeclared symbol c1, assumed default net type wire [C:/Users/user/Desktop/carry look ahedar/32bit carry look ahedar/project_4.srcs/sources_1/new/otuzikibit_carry.v:32]
INFO: [VRFC 10-2458] undeclared symbol c2, assumed default net type wire [C:/Users/user/Desktop/carry look ahedar/32bit carry look ahedar/project_4.srcs/sources_1/new/otuzikibit_carry.v:33]
INFO: [VRFC 10-2458] undeclared symbol c3, assumed default net type wire [C:/Users/user/Desktop/carry look ahedar/32bit carry look ahedar/project_4.srcs/sources_1/new/otuzikibit_carry.v:34]
INFO: [VRFC 10-2458] undeclared symbol c4, assumed default net type wire [C:/Users/user/Desktop/carry look ahedar/32bit carry look ahedar/project_4.srcs/sources_1/new/otuzikibit_carry.v:35]
INFO: [VRFC 10-2458] undeclared symbol c5, assumed default net type wire [C:/Users/user/Desktop/carry look ahedar/32bit carry look ahedar/project_4.srcs/sources_1/new/otuzikibit_carry.v:36]
INFO: [VRFC 10-2458] undeclared symbol c6, assumed default net type wire [C:/Users/user/Desktop/carry look ahedar/32bit carry look ahedar/project_4.srcs/sources_1/new/otuzikibit_carry.v:37]
INFO: [VRFC 10-2458] undeclared symbol c7, assumed default net type wire [C:/Users/user/Desktop/carry look ahedar/32bit carry look ahedar/project_4.srcs/sources_1/new/otuzikibit_carry.v:38]
INFO: [VRFC 10-311] analyzing module dortbit_carry
INFO: [VRFC 10-2263] Analyzing Verilog file "C:/Users/user/Desktop/carry look ahedar/32bit carry look ahedar/project_4.sim/sim_1/behav/glbl.v" into library xil_defaultlib
INFO: [VRFC 10-311] analyzing module glbl
INFO: [USF-XSim-69] 'compile' step finished in '1' seconds
INFO: [USF-XSim-3] XSim::Elaborate design
INFO: [USF-XSim-61] Executing 'ELABORATE' step in 'C:/Users/user/Desktop/carry look ahedar/32bit carry look ahedar/project_4.sim/sim_1/behav'
Vivado Simulator 2016.3
Copyright 1986-1999, 2001-2016 Xilinx, Inc. All Rights Reserved.
Running: C:/Xilinx/Vivado/2016.3/bin/unwrapped/win64.o/xelab.exe -wto 4fa172d273484f0f80dfb8163a4903e6 --debug typical --relax --mt 2 -L xil_defaultlib -L unisims_ver -L unimacro_ver -L secureip --snapshot otuzikibit_carry_behav xil_defaultlib.otuzikibit_carry xil_defaultlib.glbl -log elaborate.log 
Using 2 slave threads.
Starting static elaboration
WARNING: [VRFC 10-597] element index 4 into c is out of bounds [C:/Users/user/Desktop/carry look ahedar/32bit carry look ahedar/project_4.srcs/sources_1/new/otuzikibit_carry.v:61]
WARNING: [VRFC 10-597] element index 5 into c is out of bounds [C:/Users/user/Desktop/carry look ahedar/32bit carry look ahedar/project_4.srcs/sources_1/new/otuzikibit_carry.v:62]
WARNING: [VRFC 10-1783] select index 4 into g is out of bounds [C:/Users/user/Desktop/carry look ahedar/32bit carry look ahedar/project_4.srcs/sources_1/new/otuzikibit_carry.v:62]
WARNING: [VRFC 10-597] element index 6 into c is out of bounds [C:/Users/user/Desktop/carry look ahedar/32bit carry look ahedar/project_4.srcs/sources_1/new/otuzikibit_carry.v:63]
WARNING: [VRFC 10-1783] select index 5 into g is out of bounds [C:/Users/user/Desktop/carry look ahedar/32bit carry look ahedar/project_4.srcs/sources_1/new/otuzikibit_carry.v:63]
WARNING: [VRFC 10-597] element index 7 into c is out of bounds [C:/Users/user/Desktop/carry look ahedar/32bit carry look ahedar/project_4.srcs/sources_1/new/otuzikibit_carry.v:64]
WARNING: [VRFC 10-1783] select index 6 into g is out of bounds [C:/Users/user/Desktop/carry look ahedar/32bit carry look ahedar/project_4.srcs/sources_1/new/otuzikibit_carry.v:64]
WARNING: [VRFC 10-597] element index 8 into c is out of bounds [C:/Users/user/Desktop/carry look ahedar/32bit carry look ahedar/project_4.srcs/sources_1/new/otuzikibit_carry.v:65]
WARNING: [VRFC 10-1783] select index 7 into g is out of bounds [C:/Users/user/Desktop/carry look ahedar/32bit carry look ahedar/project_4.srcs/sources_1/new/otuzikibit_carry.v:65]
Completed static elaboration
Starting simulation data flow analysis
Completed simulation data flow analysis
Time Resolution for simulation is 1ps
Compiling module xil_defaultlib.dortbit_carry
Compiling module xil_defaultlib.otuzikibit_carry
Compiling module xil_defaultlib.glbl
Built simulation snapshot otuzikibit_carry_behav

****** Webtalk v2016.3 (64-bit)
  **** SW Build 1682563 on Mon Oct 10 19:07:27 MDT 2016
  **** IP Build 1681267 on Mon Oct 10 21:28:31 MDT 2016
    ** Copyright 1986-2016 Xilinx, Inc. All Rights Reserved.

source C:/Users/user/Desktop/carry -notrace
couldn't read file "C:/Users/user/Desktop/carry": no such file or directory
INFO: [Common 17-206] Exiting Webtalk at Tue Dec 27 23:04:07 2022...
INFO: [USF-XSim-69] 'elaborate' step finished in '2' seconds
INFO: [USF-XSim-4] XSim::Simulate design
INFO: [USF-XSim-61] Executing 'SIMULATE' step in 'C:/Users/user/Desktop/carry look ahedar/32bit carry look ahedar/project_4.sim/sim_1/behav'
INFO: [USF-XSim-98] *** Running xsim
   with args "otuzikibit_carry_behav -key {Behavioral:sim_1:Functional:otuzikibit_carry} -tclbatch {otuzikibit_carry.tcl} -log {simulate.log}"
INFO: [USF-XSim-8] Loading simulator feature
Vivado Simulator 2016.3
Time resolution is 1 ps
source otuzikibit_carry.tcl
# set curr_wave [current_wave_config]
# if { [string length $curr_wave] == 0 } {
#   if { [llength [get_objects]] > 0} {
#     add_wave /
#     set_property needs_save false [current_wave_config]
#   } else {
#      send_msg_id Add_Wave-1 WARNING "No top level signals found. Simulator will start without a wave window. If you want to open a wave window go to 'File->New Waveform Configuration' or type 'create_wave_config' in the TCL console."
#   }
# }
# run 1000ns
INFO: [USF-XSim-96] XSim completed. Design snapshot 'otuzikibit_carry_behav' loaded.
INFO: [USF-XSim-97] XSim simulation ran for 1000ns
close_sim
INFO: [Simtcl 6-16] Simulation closed
exit
INFO: [Common 17-206] Exiting Vivado at Tue Dec 27 23:04:36 2022...
