Unable to capture context for thread 9000 in process 8300, can not generate back trace
Unable to capture context for thread 9000 in process 8300, can not generate back trace
Exception at PC 0x00007FF93075CD29
Exception at PC 0x00007FF874F8BB93
Printing stacktrace...

Exception at PC 0x00007FF93075CD29
Exception at PC 0x00007FF93075CD29
Exception at PC 0x00007FF93075CD29
Exception at PC 0x00007FF93075CD29
Exception at PC 0x00007FF93075CD29
Exception at PC 0x00007FF93075CD29
Exception at PC 0x00007FF93075CD29
Exception at PC 0x00007FF93075CD29
Exception at PC 0x00007FF93075CD29
Exception at PC 0x00007FF93075CD29
Exception at PC 0x00007FF93075CD29
Exception at PC 0x00007FF93075CD29
Exception at PC 0x00007FF93075CD29
Exception at PC 0x00007FF93075CD29
[0]  [0x00007FF874F8BB93]
[1]  [0x00007FF874F8BB93]
[2]  [0x00007FF874F8B4A1]
[3]  [0x00007FF874F8B3EF]
[4]  [0x00007FF874F719FE]
[5]  [0x00007FF874F70ED1]
[6]  [0x00007FF874F70D76]
[7]  [0x00007FF874F179F6]
[8]  [0x00007FF874F07AFB]
[9]  [0x00007FF87502E90A]
[10]  [0x00007FF875049F87]
[11]  [0x00007FF87504A05F]
[12] (BaseThreadInitThunk+0x14) [0x00007FF9311D7614]
[13] (RtlUserThreadStart+0x21) [0x00007FF932B026A1]
Done
Exception at PC 0x00007FF93075CD29
Exception at PC 0x00007FF93075CD29
Exception at PC 0x00007FF93075CD29
